C51 COMPILER V9.59.0.0   LEDLIU                                                            07/22/2019 17:01:16 PAGE 1   


C51 COMPILER V9.59.0.0, COMPILATION OF MODULE LEDLIU
OBJECT MODULE PLACED IN .\Objects\ledliu.obj
COMPILER INVOKED BY: E:\COURSE\ruanjian\K5\Keil_v5_1\C51\BIN\C51.EXE ledliu.c OPTIMIZE(8,SPEED) BROWSE DEBUG OBJECTEXTEN
                    -D PRINT(.\Listings\ledliu.lst) TABS(2) OBJECT(.\Objects\ledliu.obj)

line level    source

   1          #include <reg52.h>
   2          
   3          void main()
   4          
   5          {
   6   1        unsigned int i=0;
   7   1        unsigned char cnt=0;
   8   1      
   9   1        while(1)
  10   1        {
  11   2          P1=~(0x01<<cnt);
  12   2          for(i=0;i<20000;i++);
  13   2          cnt++;
  14   2          if(cnt>=8)
  15   2          {
  16   3            cnt=0;
  17   3          }
  18   2          
  19   2        }
  20   1      }


MODULE INFORMATION:   STATIC OVERLAYABLE
   CODE SIZE        =     47    ----
   CONSTANT SIZE    =   ----    ----
   XDATA SIZE       =   ----    ----
   PDATA SIZE       =   ----    ----
   DATA SIZE        =   ----    ----
   IDATA SIZE       =   ----    ----
   BIT SIZE         =   ----    ----
END OF MODULE INFORMATION.


C51 COMPILATION COMPLETE.  0 WARNING(S),  0 ERROR(S)
